= Host-specific information ====================================================
$> hostname; uname -msr
e3r11p10.42.fr
Darwin 15.3.0 x86_64
$> date
Sat Feb 20 16:07:21 CET 2016
$> gcc --version
Configured with: --prefix=/Applications/Xcode.app/Contents/Developer/usr --with-gxx-include-dir=/usr/include/c++/4.2.1
Apple LLVM version 7.0.2 (clang-700.1.81)
Target: x86_64-apple-darwin15.3.0
Thread model: posix
$> clang --version
Apple LLVM version 7.0.2 (clang-700.1.81)
Target: x86_64-apple-darwin15.3.0
Thread model: posix

= User files collection ========================================================
Collecting user files from Vogsphere
Repository URL: auto-exam/2016/c-exam-beginner/practice-exam_20160220/mseinic2

= Git history ==================================================================
$> git -C /var/folders/q0/7s2sw7tn30b4qnmr3fxgd4500000gq/T/tmpoQWyHW/user log --pretty='%H - %an, %ad : %s'
26e9c577f69e301955a532364d7e2f4693fd24e9 - Mihai SEINIC, Sat Feb 20 16:07:06 2016 +0100 : b
 
= Collected files ==========================================
$> ls -lAR /var/folders/q0/7s2sw7tn30b4qnmr3fxgd4500000gq/T/tmpoQWyHW/user
total 8
-rw-r--r--  1 deepthought  deepthought  302 Feb 20 16:07 __GIT_HISTORY
drwxr-xr-x  4 deepthought  deepthought  136 Feb 20 16:07 sort_int_tab

/var/folders/q0/7s2sw7tn30b4qnmr3fxgd4500000gq/T/tmpoQWyHW/user/sort_int_tab:
total 32
-rwxr-xr-x  1 deepthought  deepthought  8612 Feb 20 16:07 a.out
-rw-r--r--  1 deepthought  deepthought  1233 Feb 20 16:07 sort_int_tab.c
 
= sort_int_tab =================================================================
$> clang -Wextra -Wall -Werror main.c sort_int_tab.c -o user_exe 

= Test 1 ===================================================
$> ./0necy0jjxhk7sldin5v4u01x
$> diff -U 3 user_output_test1 test1.output | cat -e

Diff OK :D
Grade: 1

= Final grade: 1 ===============================================================
