= Host-specific information ====================================================
$> hostname; uname -msr
e2r3p10.42.fr
Darwin 15.3.0 x86_64
$> date
Sat Feb 20 16:49:21 CET 2016
$> gcc --version
Configured with: --prefix=/Applications/Xcode.app/Contents/Developer/usr --with-gxx-include-dir=/usr/include/c++/4.2.1
Apple LLVM version 7.0.2 (clang-700.1.81)
Target: x86_64-apple-darwin15.3.0
Thread model: posix
$> clang --version
Apple LLVM version 7.0.2 (clang-700.1.81)
Target: x86_64-apple-darwin15.3.0
Thread model: posix

= User files collection ========================================================
Collecting user files from Vogsphere
Repository URL: auto-exam/2016/c-exam-beginner/practice-exam_20160220/mseinic2

= Git history ==================================================================
$> git -C /var/folders/pg/hy737qn563jch4byzw8q1wpw0000gq/T/tmpjz92E3/user log --pretty='%H - %an, %ad : %s'
329da2e4335a164922618d147dd199fd0406298c - Mihai SEINIC, Sat Feb 20 16:49:06 2016 +0100 : s
26e9c577f69e301955a532364d7e2f4693fd24e9 - Mihai SEINIC, Sat Feb 20 16:07:06 2016 +0100 : b
 
= Collected files ==========================================
$> ls -lAR /var/folders/pg/hy737qn563jch4byzw8q1wpw0000gq/T/tmpjz92E3/user
total 8
-rw-r--r--  1 deepthought  deepthought  557 Feb 20 16:49 __GIT_HISTORY
drwxr-xr-x  3 deepthought  deepthought  102 Feb 20 16:49 ft_itoa_base
drwxr-xr-x  4 deepthought  deepthought  136 Feb 20 16:49 sort_int_tab

/var/folders/pg/hy737qn563jch4byzw8q1wpw0000gq/T/tmpjz92E3/user/ft_itoa_base:
total 8
-rw-r--r--  1 deepthought  deepthought  1628 Feb 20 16:49 ft_itoa_base.c

/var/folders/pg/hy737qn563jch4byzw8q1wpw0000gq/T/tmpjz92E3/user/sort_int_tab:
total 32
-rwxr-xr-x  1 deepthought  deepthought  8612 Feb 20 16:49 a.out
-rw-r--r--  1 deepthought  deepthought  1233 Feb 20 16:49 sort_int_tab.c
 
= ft_itoa_base =================================================================
$> clang -Wextra -Wall -Werror ft_itoa_base.c main.c -o user_exe 

= Test 1 ===================================================
$> ./spnunqtuiqo7cqzalphskbyv 
$> diff -U 3 user_output_test1 test1.output | cat -e

Diff OK :D
= Test 2 ===================================================
$> ./f37r5yixn9x7f7489oxcbw2r "21" "2313" "12"
$> diff -U 3 user_output_test2 test2.output | cat -e

Diff OK :D
= Test 3 ===================================================
$> ./k9w7ukkoka4ul2myvmzjarey "2147483647" "10"
$> diff -U 3 user_output_test3 test3.output | cat -e
--- user_output_test3	2016-02-20 16:49:22.000000000 +0100$
+++ test3.output	2016-02-20 16:49:22.000000000 +0100$
@@ -1 +1 @@$
-(null)$
+2147483647$

Diff KO :(
Grade: 0

= Final grade: 0 ===============================================================
