= Host-specific information ====================================================
$> hostname; uname -msr
e3r1p4.42.fr
Darwin 15.3.0 x86_64
$> date
Sat Feb 20 17:22:37 CET 2016
$> gcc --version
Configured with: --prefix=/Applications/Xcode.app/Contents/Developer/usr --with-gxx-include-dir=/usr/include/c++/4.2.1
Apple LLVM version 7.0.2 (clang-700.1.81)
Target: x86_64-apple-darwin15.3.0
Thread model: posix
$> clang --version
Apple LLVM version 7.0.2 (clang-700.1.81)
Target: x86_64-apple-darwin15.3.0
Thread model: posix

= User files collection ========================================================
Collecting user files from Vogsphere
Repository URL: auto-exam/2016/c-exam-beginner/practice-exam_20160220/mseinic2

= Git history ==================================================================
$> git -C /var/folders/xj/r7r8v68j7_j40dfy1zq74y0r0000gq/T/tmpX0IUv4/user log --pretty='%H - %an, %ad : %s'
f336091713309134bee59ed53b637cf9a6e72591 - Mihai SEINIC, Sat Feb 20 17:22:22 2016 +0100 : lo
329da2e4335a164922618d147dd199fd0406298c - Mihai SEINIC, Sat Feb 20 16:49:06 2016 +0100 : s
26e9c577f69e301955a532364d7e2f4693fd24e9 - Mihai SEINIC, Sat Feb 20 16:07:06 2016 +0100 : b
 
= Collected files ==========================================
$> ls -lAR /var/folders/xj/r7r8v68j7_j40dfy1zq74y0r0000gq/T/tmpX0IUv4/user
total 8
-rw-r--r--  1 deepthought  deepthought  813 Feb 20 17:22 __GIT_HISTORY
drwxr-xr-x  3 deepthought  deepthought  102 Feb 20 17:22 brainfuck
drwxr-xr-x  3 deepthought  deepthought  102 Feb 20 17:22 ft_itoa_base
drwxr-xr-x  4 deepthought  deepthought  136 Feb 20 17:22 sort_int_tab

/var/folders/xj/r7r8v68j7_j40dfy1zq74y0r0000gq/T/tmpX0IUv4/user/brainfuck:
total 8
-rw-r--r--  1 deepthought  deepthought  1859 Feb 20 17:22 brainfuck.c

/var/folders/xj/r7r8v68j7_j40dfy1zq74y0r0000gq/T/tmpX0IUv4/user/ft_itoa_base:
total 8
-rw-r--r--  1 deepthought  deepthought  1628 Feb 20 17:22 ft_itoa_base.c

/var/folders/xj/r7r8v68j7_j40dfy1zq74y0r0000gq/T/tmpX0IUv4/user/sort_int_tab:
total 32
-rwxr-xr-x  1 deepthought  deepthought  8612 Feb 20 17:22 a.out
-rw-r--r--  1 deepthought  deepthought  1233 Feb 20 17:22 sort_int_tab.c
 
= brainfuck ====================================================================
$> clang -Wextra -Wall -Werror brainfuck.c -o user_exe 

= Test 1 ===================================================
$> ./15eh4gefms5k1mdm9jijfhlu "++++++++++[>+++++++>++++++++++>+++>+<<<<-]>++.>+.+++++++..+++.>++.<<+++++++++++++++.>.+++.------.--------.>+.>."
$> diff -U 3 user_output_test1 test1.output | cat -e

Diff OK :D
= Test 2 ===================================================
$> ./shj14c574cibxusxyp8mzq6q "+++++[>++sefs++[>++sef+dht+>+++++sfsfefijdgj<<-]>>>++efn<<<<-]>>esf-----sf---.>+++++.>."
$> diff -U 3 user_output_test2 test2.output | cat -e

Diff OK :D
= Test 3 ===================================================
$> ./4m7nmc3mwzgvgnrxvr81ijkw "+>+++++++[>>>++++++++<<<<++++++++>-]+++++++++>>>+>>++++++++++[>++++++++++<-]>[>>+>+>+>+>+>+>+>>+>+>>+>+>+>+>>+>+>>+>+>+>>+>+>+>+>>>>>+>+>+>+>>+>+>+>>+>+>+>+>>+>+>+>>+>+>+>+>>+>+>>+>+>+>+>+>+>>>>+>+>>+>+>+>+<<<<<<<<<<<<<<<<<<<<<<<<<<<<<<<<<<<<<<<<<<<<<<<<<<<<<<<<<<<<<<<<<<<<<<<<<<-]<++++[>++++++++<-]>[>+>>>>>>>>+>>>+>>>>>+>>>+>>>>+>>>>>+>+>>+>>>>>+>>>>+>>>>>+>>>>+>>>>>+>>>+>>>>>>>+>+>+>>>+>>>>>+<<<<<<<<<<<<<<<<<<<<<<<<<<<<<<<<<<<<<<<<<<<<<<<<<<<<<<<<<<<<<<<<<<<<<<<<<<<-]+++++[>>>++>+++>+++>++>>+++>>++>>>>>>+++>>++>++>>+++>+>>>++++>->++>++>++>+++>++>>--->->+>>>++>++>>>>++>++++>++>>->++>>>++>->+++>+++>>+>+++>>>+++>++>+++>++>>>++>>++>++>>++>++>+++<<<<<<<<<<<<<<<<<<<<<<<<<<<<<<<<<<<<<<<<<<<<<<<<<<<<<<<<<<<<<<<<<<<<<<<<<-]>>-->+>+>+>-->+>>>+>++>>-->+>+>->>+>>>+>->+>>->++>-->-->++>->>>->++>++>+>>+>>+>>>+>->>>++>>>>++>++>>>>>+>>++>->+>++>>>>+++>>>+>>->+>->+<<<<<<<<<<<<<<<<<<<<<<<<<<<<<<<<<<<<<<<<<<<<<<<<<<<<<<<<<<<<<<<<<<<<<<<<<<<<<<<<[>>>>++++++++++[->[-]+>[-]<<[<<<<<.>>>>.>>>>.>.>.>.>.>.>.>.>.>.>.>.>.>.>.>.>.>.>.>.>.>.>.>.>.>.>.>.>.>>>.<<<<<<<<<<<<<<<<<<<<<<<<<<<<<<<<<<<<<<<.>>>>.>>>>.>.>.>.>.>.>.>.>.>.>.>.>.>.>.>.>>>>>>>>>>>>>>.>.>>.>.>.>.>.>.>.>.>.>.>.>.>.>.>.>.>.>.>.>.>.>.>.>.>.>.>.>.>.>.>.>.>.>.>.<<<<<<<<<<<<<<<<<<<<<<<<<<<<<<<<<<<<<<<<<<<<<<<<<<<<<<<<<<<<<<<<<<<<<<<<<<.>>>>-.>>>>.>.>.>.>.>.>.>.>.>.>.>.>.>.>.>.>.>.>.>.>.>.>.>.>.>.>.>.>>.>..<<<<<<<<<<<<<<<<<<<<<<<<<<<<<<<<-]>[<<<<<->[-]+>[-]<<[<.>>>>.>>>>.>.>.>.>.>.>.>.>.>.>.>.>.>.>.>.>.>.>.>.>.>.>.>.>.>.>.>.>.>>>.<<<<<<<<<<<<<<<<<<<<<<<<<<<<<<<<<<<<<<<.>>>>.>>>>.>.>.>.>.>.>.>.>.>.>.>.>.>.>.>.>>>>>>>>>>>>>>.>.>>.>.>.>.>.>.>.>.>.>.>.>.>.>.>.>.>.>.>.>.>.>.>.>.>.>.>.>.>.>.>.>.>.>.>.<<<<<<<<<<<<<<<<<<<<<<<<<<<<<<<<<<<<<<<<<<<<<<<<<<<<<<<<<<<<<<<<<<<<<<<<<<-.>>>>+++++++++.>>>>.>.>.>.>.>.>.>.>.>.>.>.>.>.>.>.>.>.>.>.>.>.>.>.>.>.>.>.>>.>..<<<<<<<<<<<<<<<<<<<<<<<<<<<<<<<<<<<<-]>[<<.>>>>.>>>>.>.>.>.>.>.>.>.>.>.>.>.>.>.>.>.>.>.>.>.>.>.>.>.>.>.>.>.>.>>>.<<<<<<<<<<<<<<<<<<<<<<<<<<<<<<<<<<<<<<<.>>>>.>>>>.>.>.>.>.>.>.>.>.>.>.>.>.>.>.>.>>>>>>>>>>>>>>.>.>>.>.>.>.>.>.>.>.>.>.>.>.>.>.>.>.>.>.>.>.>.>.>.>.>.>.>.>.>.>.>.>.>.>.>.<<<<<<<<<<<<<<<<<<<<<<<<<<<<<<<<<<<<<<<<<<<<<<<<<<<<<<<<<<<<<<<<<<<<<<+++++++++.>>>>.>.>.>.>.>.>.>.>.>.>.>.>.>.>.>.>.>.>.>.>.>.>.>.>.>.>.>.>>.>..<<<<<<<<<<<<<<<<<<<<<<<<<<<<<<<<<<<<->]<<+>>>>>->]<<]<<<<-]>>>>++++++++[->[-]+>[-]<<[<.>>>>.>.>.>.>.>.>.>.>.>.>.>.>.>.>.>.>.>.>.>.>.>.>.>.>.>.>.>.>.>>>.<<<<<<<<<<<<<<<<<<<<<<<<<<<<<<<<<<<.>>>>.>.>.>.>.>.>.>.>.>.>.>.>.>.>.>.>>>>>>>>>>>>>>.>.>>.>.>.>.>.>.>.>.>.>.>.>.>.>.>.>.>.>.>.>.>.>.>.>.>.>.>.>.>.>.>.>.>.>.>.<<<<<<<<<<<<<<<<<<<<<<<<<<<<<<<<<<<<<<<<<<<<<<<<<<<<<<<<<<<<<<<<<<<<<<-.>>>>.>.>.>.>.>.>.>.>.>.>.>.>.>.>.>.>.>.>.>.>.>.>.>.>.>.>.>.>>.>..<<<<<<<<<<<<<<<<<<<<<<<<<<<<<<<<-]>[<<.>>>>.>.>.>.>.>.>.>.>.>.>.>.>.>.>.>.>.>.>.>.>.>.>.>.>.>.>.>.>.>>>.<<<<<<<<<<<<<<<<<<<<<<<<<<<<<<<<<<<.>>>>.>.>.>.>.>.>.>.>.>.>.>.>.>.>.>.>>>>>>>>>>>>>>.>.>>.>.>.>.>.>.>.>.>.>.>.>.>.>.>.>.>.>.>.>.>.>.>.>.>.>.>.>.>.>.>.>.>.>.>.<<<<<<<<<<<<<<<<<<<<<<<<<<<<<<<<<<<<<<<<<<<<<<<<<<<<<<<<<<<<<<<<<<<<<<-.>>>>.>.>.>.>.>.>.>>.>.>.>.>.>.>.>.>.>.>.>.>.>.>.>.>.>.>.>.>>.>..<<<<<<<<<<<<<<<<<<<<<<<<<<<<<<<<->]<<]<.>>>>.>.>.>.>.>.>.>>.>.>.>.>.>.>.>.>.>.>.>.>.>.>.>.>.>.>.>.>.>>>.<<<<<<<<<<<<<<<<<<<<<<<<<<<<<<<<<<<.>>>>.>.>.>.>.>.>.>>.>.>.>.>.>.>.>.>>>>>>>>>>>>>>.>.>>.>.>.>.>.>.>.>.>.>.>.>.>.>.>.>.>.>.>.>.>.>.>.>.>.>.>.>.>.>.>.>.>.>.>.>.>.>.>.>.>.>.<<<<<<<<<<<<<<<<<<<<<<<<<<<<<<<<<<<<<<<<<<<<<<<<<<<<<<<<<<<<<<<<<<<<<<<<<.>.>.>.>.>.>.>.>.>.>.>.>.>.>.>.>.>.>.>.>.>.>.>.>.>.>.>.>>.>"
$> diff -U 3 user_output_test3 test3.output | cat -e

Diff OK :D
= Test 4 ===================================================
$> ./bjan2ep1ryoi0bbf49xu31uz "+++++++++++>+>>>>++++++++++++++++++++++++++++++++++++++++++++>++++++++++++++++++++++++++++++++<<<<<<[>[>>>>>>+>+<<<<<<<-]>>>>>>>[<<<<<<<+>>>>>>>-]<[>++++++++++[-<-[>>+>+<<<-]>>>[<<<+>>>-]+<[>[-]<[-]]>[<<[>>>+<<<-]>>[-]]<<]>>>[>>+>+<<<-]>>>[<<<+>>>-]+<[>[-]<[-]]>[<<+>>[-]]<<<<<<<]>>>>>[++++++++++++++++++++++++++++++++++++++++++++++++.[-]]++++++++++<[->-<]>++++++++++++++++++++++++++++++++++++++++++++++++.[-]<<<<<<<<<<<<[>>>+>+<<<<-]>>>>[<<<<+>>>>-]<-[>>.>.<<<[-]]<<[>>+>+<<<-]>>>[<<<+>>>-]<<[<+>-]>[<+>-]<<<-]"
$> diff -U 3 user_output_test4 test4.output | cat -e

Diff OK :D
= Test 5 ===================================================
$> ./100zzj4w3g0q4s62bm6rqwbb "++++++++++++++++++++++++++++++++++++++++++++++++++++.>++++++++++++++++++++++++++++++++++++++++++++++++++.>++++++++++."
$> diff -U 3 user_output_test5 test5.output | cat -e

Diff OK :D
Grade: 1

= Final grade: 1 ===============================================================
