= Host-specific information ====================================================
$> hostname; uname -msr
e2r1p10.42.fr
Darwin 15.3.0 x86_64
$> date
Fri Feb 19 15:13:18 CET 2016
$> gcc --version
Configured with: --prefix=/Applications/Xcode.app/Contents/Developer/usr --with-gxx-include-dir=/usr/include/c++/4.2.1
Apple LLVM version 7.0.2 (clang-700.1.81)
Target: x86_64-apple-darwin15.3.0
Thread model: posix
$> clang --version
Apple LLVM version 7.0.2 (clang-700.1.81)
Target: x86_64-apple-darwin15.3.0
Thread model: posix

= User files collection ========================================================
Collecting user files from Vogsphere
Repository URL: auto-exam/2016/c-exam-beginner/practice-exam_20160219/mseinic

= Git history ==================================================================
$> git -C /var/folders/8p/hfddzvkd0p795rf_wd0vtnwh0000gq/T/tmp1j20Xg/user log --pretty='%H - %an, %ad : %s'
6baf755c5aaaeae2ed9ababfca3543c27ef758dd - Mihai SEINIC, Fri Feb 19 15:13:08 2016 +0100 : la
c2b2c247ed42aed593131da082ec48d5957d4f5a - Mihai SEINIC, Fri Feb 19 13:30:32 2016 +0100 : la
 
= Collected files ==========================================
$> ls -lAR /var/folders/8p/hfddzvkd0p795rf_wd0vtnwh0000gq/T/tmp1j20Xg/user
total 8
-rw-r--r--  1 deepthought  deepthought  511 Feb 19 15:13 __GIT_HISTORY
drwxr-xr-x  3 deepthought  deepthought  102 Feb 19 15:13 ft_itoa
drwxr-xr-x  3 deepthought  deepthought  102 Feb 19 15:13 ft_list_remove_if

/var/folders/8p/hfddzvkd0p795rf_wd0vtnwh0000gq/T/tmp1j20Xg/user/ft_itoa:
total 8
-rw-r--r--  1 deepthought  deepthought  2039 Feb 19 15:13 ft_itoa.c

/var/folders/8p/hfddzvkd0p795rf_wd0vtnwh0000gq/T/tmp1j20Xg/user/ft_list_remove_if:
total 8
-rw-r--r--  1 deepthought  deepthought  1429 Feb 19 15:13 ft_list_remove_if.c
 
= ft_itoa ======================================================================
$> clang -Wextra -Wall -Werror main.c ft_itoa.c -o user_exe 

= Test 1 ===================================================
$> ./2d7chpuwsler4dc8q51r0lgk 
$> diff -U 3 user_output_test1 test1.output | cat -e

Diff OK :D
= Test 2 ===================================================
$> ./c7a18t0l56tfpqzma32eirtn "1" "2" "3" "4" "5" "6"
$> diff -U 3 user_output_test2 test2.output | cat -e

Diff OK :D
= Test 3 ===================================================
$> ./jlntjfyyqs8yhxhg91clf9q4 0
$> diff -U 3 user_output_test3 test3.output | cat -e
--- user_output_test3	2016-02-19 15:13:21.000000000 +0100$
+++ test3.output	2016-02-19 15:13:21.000000000 +0100$
@@ -1 +1 @@$
-$
+0$

Diff KO :(
Grade: 0

= Final grade: 0 ===============================================================
