= Host-specific information ====================================================
$> hostname; uname -msr
e2r12p17.42.fr
Darwin 15.3.0 x86_64
$> date
Sat Feb 20 14:43:53 CET 2016
$> gcc --version
Configured with: --prefix=/Applications/Xcode.app/Contents/Developer/usr --with-gxx-include-dir=/usr/include/c++/4.2.1
Apple LLVM version 7.0.2 (clang-700.1.81)
Target: x86_64-apple-darwin15.3.0
Thread model: posix
$> clang --version
Apple LLVM version 7.0.2 (clang-700.1.81)
Target: x86_64-apple-darwin15.3.0
Thread model: posix

= User files collection ========================================================
Collecting user files from Vogsphere
Repository URL: auto-exam/2016/c-exam-beginner/practice-exam_20160220/mseinic

= Git history ==================================================================
$> git -C /var/folders/57/3l70srss211_zbbr5ml6728r0000gq/T/tmpxjdqQ9/user log --pretty='%H - %an, %ad : %s'
d3b94500f0d2dcb3a7b1ebeb60dc5bf494aa0e0e - Mihai SEINIC, Sat Feb 20 13:47:56 2016 +0100 : ss
 
= Collected files ==========================================
$> ls -lAR /var/folders/57/3l70srss211_zbbr5ml6728r0000gq/T/tmpxjdqQ9/user
total 8
-rw-r--r--  1 deepthought  deepthought  255 Feb 20 14:43 __GIT_HISTORY
drwxr-xr-x  3 deepthought  deepthought  102 Feb 20 14:43 rev_wstr

/var/folders/57/3l70srss211_zbbr5ml6728r0000gq/T/tmpxjdqQ9/user/rev_wstr:
total 8
-rw-r--r--  1 deepthought  deepthought  1503 Feb 20 14:43 rev_wstr.c
 
= ft_itoa_base =================================================================
Nothing turned in
Grade: 0

= Final grade: 0 ===============================================================
