= Host-specific information ====================================================
$> hostname; uname -msr
e3r12p21.42.fr
Darwin 15.3.0 x86_64
$> date
Sat Feb 20 15:05:55 CET 2016
$> gcc --version
Configured with: --prefix=/Applications/Xcode.app/Contents/Developer/usr --with-gxx-include-dir=/usr/include/c++/4.2.1
Apple LLVM version 7.0.2 (clang-700.1.81)
Target: x86_64-apple-darwin15.3.0
Thread model: posix
$> clang --version
Apple LLVM version 7.0.2 (clang-700.1.81)
Target: x86_64-apple-darwin15.3.0
Thread model: posix

= User files collection ========================================================
Collecting user files from Vogsphere
Repository URL: auto-exam/2016/c-exam-beginner/practice-exam_20160220/mseinic

= Git history ==================================================================
$> git -C /var/folders/85/lxvz2fq14hv4vr6lwy8p1j580000gq/T/tmpT08mrY/user log --pretty='%H - %an, %ad : %s'
ca80861aba014dd9388032d039b706bced7d0878 - Mihai SEINIC, Sat Feb 20 15:05:32 2016 +0100 : a
d3b94500f0d2dcb3a7b1ebeb60dc5bf494aa0e0e - Mihai SEINIC, Sat Feb 20 13:47:56 2016 +0100 : ss
 
= Collected files ==========================================
$> ls -lAR /var/folders/85/lxvz2fq14hv4vr6lwy8p1j580000gq/T/tmpT08mrY/user
total 8
-rw-r--r--  1 deepthought  deepthought  510 Feb 20 15:05 __GIT_HISTORY
drwxr-xr-x  3 deepthought  deepthought  102 Feb 20 15:05 brainfuck
drwxr-xr-x  3 deepthought  deepthought  102 Feb 20 15:05 rev_wstr

/var/folders/85/lxvz2fq14hv4vr6lwy8p1j580000gq/T/tmpT08mrY/user/brainfuck:
total 8
-rw-r--r--  1 deepthought  deepthought  1838 Feb 20 15:05 brainfuck.c

/var/folders/85/lxvz2fq14hv4vr6lwy8p1j580000gq/T/tmpT08mrY/user/rev_wstr:
total 8
-rw-r--r--  1 deepthought  deepthought  1503 Feb 20 15:05 rev_wstr.c
 
= brainfuck ====================================================================
$> clang -Wextra -Wall -Werror brainfuck.c -o user_exe 

= Test 1 ===================================================
$> ./mu53fygtwqy4kozej83biy3r "++++++++++[>+++++++>++++++++++>+++>+<<<<-]>++.>+.+++++++..+++.>++.<<+++++++++++++++.>.+++.------.--------.>+.>."
$> diff -U 3 user_output_test1 test1.output | cat -e
--- user_output_test1	2016-02-20 15:05:56.000000000 +0100$
+++ test1.output	2016-02-20 15:05:56.000000000 +0100$
@@ -1,2 +1 @@$
-	^K^R^R^U^E^X^U^X^R$
-^F^A$
\ No newline at end of file$
+Hello World!$

Diff KO :(
Grade: 0

= Final grade: 0 ===============================================================
