= Host-specific information ====================================================
$> hostname; uname -msr
e2r6p12.42.fr
Darwin 15.3.0 x86_64
$> date
Sat Feb 20 15:37:38 CET 2016
$> gcc --version
Configured with: --prefix=/Applications/Xcode.app/Contents/Developer/usr --with-gxx-include-dir=/usr/include/c++/4.2.1
Apple LLVM version 7.0.2 (clang-700.1.81)
Target: x86_64-apple-darwin15.3.0
Thread model: posix
$> clang --version
Apple LLVM version 7.0.2 (clang-700.1.81)
Target: x86_64-apple-darwin15.3.0
Thread model: posix

= User files collection ========================================================
Collecting user files from Vogsphere
Repository URL: auto-exam/2016/c-exam-beginner/practice-exam_20160220/mseinic

= Git history ==================================================================
$> git -C /var/folders/w3/yzw7s1d51kq81qr5mxz74n740000gq/T/tmpaQ1ukU/user log --pretty='%H - %an, %ad : %s'
914444ba45723dd3b817321728b46c4368d08c68 - Mihai SEINIC, Sat Feb 20 15:37:19 2016 +0100 : lo
ca80861aba014dd9388032d039b706bced7d0878 - Mihai SEINIC, Sat Feb 20 15:05:32 2016 +0100 : a
d3b94500f0d2dcb3a7b1ebeb60dc5bf494aa0e0e - Mihai SEINIC, Sat Feb 20 13:47:56 2016 +0100 : ss
 
= Collected files ==========================================
$> ls -lAR /var/folders/w3/yzw7s1d51kq81qr5mxz74n740000gq/T/tmpaQ1ukU/user
total 8
-rw-r--r--  1 deepthought  deepthought  766 Feb 20 15:37 __GIT_HISTORY
drwxr-xr-x  3 deepthought  deepthought  102 Feb 20 15:37 brainfuck
drwxr-xr-x  3 deepthought  deepthought  102 Feb 20 15:37 print_memory
drwxr-xr-x  3 deepthought  deepthought  102 Feb 20 15:37 rev_wstr

/var/folders/w3/yzw7s1d51kq81qr5mxz74n740000gq/T/tmpaQ1ukU/user/brainfuck:
total 8
-rw-r--r--  1 deepthought  deepthought  1838 Feb 20 15:37 brainfuck.c

/var/folders/w3/yzw7s1d51kq81qr5mxz74n740000gq/T/tmpaQ1ukU/user/print_memory:
total 8
-rw-r--r--  1 deepthought  deepthought  1952 Feb 20 15:37 print_memory.c

/var/folders/w3/yzw7s1d51kq81qr5mxz74n740000gq/T/tmpaQ1ukU/user/rev_wstr:
total 8
-rw-r--r--  1 deepthought  deepthought  1503 Feb 20 15:37 rev_wstr.c
 
= print_memory =================================================================
$> clang -Wextra -Wall -Werror print_memory.c main.c -o user_exe 

= Test 1 ===================================================
$> ./g1lthr3zvywq7jlvxtr67ntg
$> diff -U 3 user_output_test1 test1.output | cat -e

Diff OK :D
Grade: 1

= Final grade: 1 ===============================================================
